<?xml version="1.0" encoding="UTF-8"?>
<testng-results skipped="0" failed="0" ignored="0" total="4" passed="4">
  <reporter-output>
  </reporter-output>
  <suite name="nopCommerce CrossBrowser Suite" duration-ms="66761" started-at="2020-10-30T23:51:10 EDT" finished-at="2020-10-30T23:52:17 EDT">
    <groups>
      <group name="regression">
        <method signature="TC_AddCustomerTest_003.addNewCustomer()[pri:0, instance:com.nopcommerce.testCases.TC_AddCustomerTest_003@2beee7ff]" name="addNewCustomer" class="com.nopcommerce.testCases.TC_AddCustomerTest_003"/>
        <method signature="TC_LoginTest_001.loginTest()[pri:0, instance:com.nopcommerce.testCases.TC_LoginTest_001@306cf3ea]" name="loginTest" class="com.nopcommerce.testCases.TC_LoginTest_001"/>
        <method signature="TC_SearchCustomerByEmail_004.searchCustomerbyEmail()[pri:0, instance:com.nopcommerce.testCases.TC_SearchCustomerByEmail_004@5136d012]" name="searchCustomerbyEmail" class="com.nopcommerce.testCases.TC_SearchCustomerByEmail_004"/>
      </group> <!-- regression -->
      <group name="sanity">
        <method signature="TC_AddCustomerTest_003.addNewCustomer()[pri:0, instance:com.nopcommerce.testCases.TC_AddCustomerTest_003@2beee7ff]" name="addNewCustomer" class="com.nopcommerce.testCases.TC_AddCustomerTest_003"/>
        <method signature="TC_LoginTest_001.loginTest()[pri:0, instance:com.nopcommerce.testCases.TC_LoginTest_001@306cf3ea]" name="loginTest" class="com.nopcommerce.testCases.TC_LoginTest_001"/>
      </group> <!-- sanity -->
      <group name="master">
        <method signature="TC_AddCustomerTest_003.addNewCustomer()[pri:0, instance:com.nopcommerce.testCases.TC_AddCustomerTest_003@2beee7ff]" name="addNewCustomer" class="com.nopcommerce.testCases.TC_AddCustomerTest_003"/>
        <method signature="TC_LoginTest_001.loginTest()[pri:0, instance:com.nopcommerce.testCases.TC_LoginTest_001@306cf3ea]" name="loginTest" class="com.nopcommerce.testCases.TC_LoginTest_001"/>
        <method signature="TC_SearchCustomerByEmail_004.searchCustomerbyEmail()[pri:0, instance:com.nopcommerce.testCases.TC_SearchCustomerByEmail_004@5136d012]" name="searchCustomerbyEmail" class="com.nopcommerce.testCases.TC_SearchCustomerByEmail_004"/>
        <method signature="TC_SearchCustomerByName_005.searchCustomerbyName()[pri:0, instance:com.nopcommerce.testCases.TC_SearchCustomerByName_005@5939a379]" name="searchCustomerbyName" class="com.nopcommerce.testCases.TC_SearchCustomerByName_005"/>
      </group> <!-- master -->
    </groups>
    <test name="nopCommerceTests" duration-ms="66761" started-at="2020-10-30T23:51:10 EDT" finished-at="2020-10-30T23:52:17 EDT">
      <class name="com.nopcommerce.testCases.TC_LoginTest_001">
        <test-method status="PASS" signature="setup(java.lang.String)[pri:0, instance:com.nopcommerce.testCases.TC_LoginTest_001@306cf3ea]" name="setup" is-config="true" duration-ms="5439" started-at="2020-10-30T23:51:11 EDT" finished-at="2020-10-30T23:51:16 EDT">
          <params>
            <param index="0">
              <value>
                <![CDATA[chrome]]>
              </value>
            </param>
          </params>
          <reporter-output>
          </reporter-output>
        </test-method> <!-- setup -->
        <test-method status="PASS" signature="loginTest()[pri:0, instance:com.nopcommerce.testCases.TC_LoginTest_001@306cf3ea]" name="loginTest" duration-ms="5449" started-at="2020-10-30T23:51:16 EDT" finished-at="2020-10-30T23:51:22 EDT">
          <reporter-output>
          </reporter-output>
        </test-method> <!-- loginTest -->
        <test-method status="PASS" signature="teaDown()[pri:0, instance:com.nopcommerce.testCases.TC_LoginTest_001@306cf3ea]" name="teaDown" is-config="true" duration-ms="170" started-at="2020-10-30T23:51:22 EDT" finished-at="2020-10-30T23:51:22 EDT">
          <reporter-output>
          </reporter-output>
        </test-method> <!-- teaDown -->
      </class> <!-- com.nopcommerce.testCases.TC_LoginTest_001 -->
      <class name="com.nopcommerce.testCases.TC_SearchCustomerByEmail_004">
        <test-method status="PASS" signature="setup(java.lang.String)[pri:0, instance:com.nopcommerce.testCases.TC_SearchCustomerByEmail_004@5136d012]" name="setup" is-config="true" duration-ms="3509" started-at="2020-10-30T23:51:50 EDT" finished-at="2020-10-30T23:51:53 EDT">
          <params>
            <param index="0">
              <value>
                <![CDATA[chrome]]>
              </value>
            </param>
          </params>
          <reporter-output>
          </reporter-output>
        </test-method> <!-- setup -->
        <test-method status="PASS" signature="searchCustomerbyEmail()[pri:0, instance:com.nopcommerce.testCases.TC_SearchCustomerByEmail_004@5136d012]" name="searchCustomerbyEmail" duration-ms="9059" started-at="2020-10-30T23:51:53 EDT" finished-at="2020-10-30T23:52:02 EDT">
          <reporter-output>
          </reporter-output>
        </test-method> <!-- searchCustomerbyEmail -->
        <test-method status="PASS" signature="teaDown()[pri:0, instance:com.nopcommerce.testCases.TC_SearchCustomerByEmail_004@5136d012]" name="teaDown" is-config="true" duration-ms="89" started-at="2020-10-30T23:52:02 EDT" finished-at="2020-10-30T23:52:03 EDT">
          <reporter-output>
          </reporter-output>
        </test-method> <!-- teaDown -->
      </class> <!-- com.nopcommerce.testCases.TC_SearchCustomerByEmail_004 -->
      <class name="com.nopcommerce.testCases.TC_SearchCustomerByName_005">
        <test-method status="PASS" signature="setup(java.lang.String)[pri:0, instance:com.nopcommerce.testCases.TC_SearchCustomerByName_005@5939a379]" name="setup" is-config="true" duration-ms="3573" started-at="2020-10-30T23:52:03 EDT" finished-at="2020-10-30T23:52:06 EDT">
          <params>
            <param index="0">
              <value>
                <![CDATA[chrome]]>
              </value>
            </param>
          </params>
          <reporter-output>
          </reporter-output>
        </test-method> <!-- setup -->
        <test-method status="PASS" signature="searchCustomerbyName()[pri:0, instance:com.nopcommerce.testCases.TC_SearchCustomerByName_005@5939a379]" name="searchCustomerbyName" duration-ms="10996" started-at="2020-10-30T23:52:06 EDT" finished-at="2020-10-30T23:52:17 EDT">
          <reporter-output>
          </reporter-output>
        </test-method> <!-- searchCustomerbyName -->
        <test-method status="PASS" signature="teaDown()[pri:0, instance:com.nopcommerce.testCases.TC_SearchCustomerByName_005@5939a379]" name="teaDown" is-config="true" duration-ms="107" started-at="2020-10-30T23:52:17 EDT" finished-at="2020-10-30T23:52:17 EDT">
          <reporter-output>
          </reporter-output>
        </test-method> <!-- teaDown -->
      </class> <!-- com.nopcommerce.testCases.TC_SearchCustomerByName_005 -->
      <class name="com.nopcommerce.testCases.TC_AddCustomerTest_003">
        <test-method status="PASS" signature="setup(java.lang.String)[pri:0, instance:com.nopcommerce.testCases.TC_AddCustomerTest_003@2beee7ff]" name="setup" is-config="true" duration-ms="3520" started-at="2020-10-30T23:51:22 EDT" finished-at="2020-10-30T23:51:25 EDT">
          <params>
            <param index="0">
              <value>
                <![CDATA[chrome]]>
              </value>
            </param>
          </params>
          <reporter-output>
          </reporter-output>
        </test-method> <!-- setup -->
        <test-method status="PASS" signature="addNewCustomer()[pri:0, instance:com.nopcommerce.testCases.TC_AddCustomerTest_003@2beee7ff]" name="addNewCustomer" duration-ms="24363" started-at="2020-10-30T23:51:25 EDT" finished-at="2020-10-30T23:51:50 EDT">
          <reporter-output>
          </reporter-output>
        </test-method> <!-- addNewCustomer -->
        <test-method status="PASS" signature="teaDown()[pri:0, instance:com.nopcommerce.testCases.TC_AddCustomerTest_003@2beee7ff]" name="teaDown" is-config="true" duration-ms="95" started-at="2020-10-30T23:51:50 EDT" finished-at="2020-10-30T23:51:50 EDT">
          <reporter-output>
          </reporter-output>
        </test-method> <!-- teaDown -->
      </class> <!-- com.nopcommerce.testCases.TC_AddCustomerTest_003 -->
    </test> <!-- nopCommerceTests -->
  </suite> <!-- nopCommerce CrossBrowser Suite -->
</testng-results>
