<?xml version="1.0" encoding="UTF-8"?>
<!-- Generated by org.testng.reporters.JUnitXMLReporter -->
<testsuite hostname="LAPTOP-IIRF7F8F" ignored="0" name="nopCommerceTests" tests="8" failures="0" timestamp="2020-10-23T11:16:16 EDT" time="84.251" errors="0">
  <testcase name="addNewCustomer" time="23.519" classname="com.nopcommerce.testCases.TC_AddCustomerTest_003"/>
  <testcase name="loginTest" time="9.216" classname="com.nopcommerce.testCases.TC_LoginDDT_002"/>
  <testcase name="loginTest" time="1.197" classname="com.nopcommerce.testCases.TC_LoginDDT_002"/>
  <testcase name="loginTest" time="1.222" classname="com.nopcommerce.testCases.TC_LoginDDT_002"/>
  <testcase name="loginTest" time="1.344" classname="com.nopcommerce.testCases.TC_LoginDDT_002"/>
  <testcase name="loginTest" time="4.61" classname="com.nopcommerce.testCases.TC_LoginTest_001"/>
  <testcase name="searchCustomerbyEmail" time="10.892" classname="com.nopcommerce.testCases.TC_SearchCustomerByEmail_004"/>
  <testcase name="searchCustomerbyName" time="10.518" classname="com.nopcommerce.testCases.TC_SearchCustomerByName_005"/>
</testsuite> <!-- nopCommerceTests -->
