<?xml version="1.0" encoding="UTF-8"?>
<!-- Generated by org.testng.reporters.JUnitXMLReporter -->
<testsuite hostname="LAPTOP-IIRF7F8F" ignored="3" name="nopCommerceTests" tests="2" failures="0" timestamp="2020-10-20T01:05:29 EDT" time="39.836" errors="0">
  <testcase name="addNewCustomer" time="24.193" classname="com.nopcommerce.testCases.TC_AddCustomerTest_003"/>
  <testcase name="loginTest" time="6.42" classname="com.nopcommerce.testCases.TC_LoginTest_001"/>
  <testcase name="loginTest" time="0.0" classname="com.nopcommerce.testCases.TC_LoginDDT_002">
    <ignored/>
  </testcase> <!-- loginTest -->
  <testcase name="searchCustomerbyName" time="0.0" classname="com.nopcommerce.testCases.TC_SearchCustomerByName_005">
    <ignored/>
  </testcase> <!-- searchCustomerbyName -->
  <testcase name="searchCustomerbyEmail" time="0.0" classname="com.nopcommerce.testCases.TC_SearchCustomerByEmail_004">
    <ignored/>
  </testcase> <!-- searchCustomerbyEmail -->
</testsuite> <!-- nopCommerceTests -->
